 19-07-2025 17:43:05:968 [pid=1026 tid=1026] ERROR  0:140 unable to load,  liburcu-bp.so.6 

 19-07-2025 17:43:05:968 [pid=1026 tid=1026] ERROR  0:140 unable to load,  liburcu-bp.so.1 

 19-07-2025 17:43:05:968 [pid=1026 tid=1026] WARN   0:172 failed to open /proc/driver/nvidia-fs/devcount  error: No such file or directory
 19-07-2025 17:43:05:968 [pid=1026 tid=1026] NOTICE  cufio-drv:705 running in compatible mode
 19-07-2025 17:43:05:968 [pid=1026 tid=1026] ERROR  cufio-plat:101 cannot open path /sys/bus/pci/devices/0000:05:00.0/resource No such file or directory
 19-07-2025 17:43:05:969 [pid=1026 tid=1026] WARN   cufio-plat:429 GPU index 0 NVIDIA GeForce RTX 3090: Model Not Supported
 19-07-2025 17:43:05:969 [pid=1026 tid=1026] WARN   cufio-udev:165 failed in udev device create: /sys/bus/pci/devices/0000:05:00.0
 19-07-2025 17:43:06:129 [pid=1026 tid=1026] ERROR  cufio-topo-udev:431 no device entries present in platform topology
 19-07-2025 17:44:00:697 [pid=1058 tid=1058] ERROR  0:140 unable to load,  liburcu-bp.so.6 

 19-07-2025 17:44:00:697 [pid=1058 tid=1058] ERROR  0:140 unable to load,  liburcu-bp.so.1 

 19-07-2025 17:44:00:697 [pid=1058 tid=1058] WARN   0:172 failed to open /proc/driver/nvidia-fs/devcount  error: No such file or directory
 19-07-2025 17:44:00:698 [pid=1058 tid=1058] NOTICE  cufio-drv:705 running in compatible mode
 19-07-2025 17:44:00:698 [pid=1058 tid=1058] ERROR  cufio-plat:101 cannot open path /sys/bus/pci/devices/0000:05:00.0/resource No such file or directory
 19-07-2025 17:44:00:698 [pid=1058 tid=1058] WARN   cufio-plat:429 GPU index 0 NVIDIA GeForce RTX 3090: Model Not Supported
 19-07-2025 17:44:00:698 [pid=1058 tid=1058] WARN   cufio-udev:165 failed in udev device create: /sys/bus/pci/devices/0000:05:00.0
 19-07-2025 17:44:00:862 [pid=1058 tid=1058] ERROR  cufio-topo-udev:431 no device entries present in platform topology
 19-07-2025 17:45:01:135 [pid=1090 tid=1090] ERROR  0:140 unable to load,  liburcu-bp.so.6 

 19-07-2025 17:45:01:135 [pid=1090 tid=1090] ERROR  0:140 unable to load,  liburcu-bp.so.1 

 19-07-2025 17:45:01:135 [pid=1090 tid=1090] WARN   0:172 failed to open /proc/driver/nvidia-fs/devcount  error: No such file or directory
 19-07-2025 17:45:01:136 [pid=1090 tid=1090] NOTICE  cufio-drv:705 running in compatible mode
 19-07-2025 17:45:01:136 [pid=1090 tid=1090] ERROR  cufio-plat:101 cannot open path /sys/bus/pci/devices/0000:05:00.0/resource No such file or directory
 19-07-2025 17:45:01:136 [pid=1090 tid=1090] WARN   cufio-plat:429 GPU index 0 NVIDIA GeForce RTX 3090: Model Not Supported
 19-07-2025 17:45:01:136 [pid=1090 tid=1090] WARN   cufio-udev:165 failed in udev device create: /sys/bus/pci/devices/0000:05:00.0
 19-07-2025 17:45:01:302 [pid=1090 tid=1090] ERROR  cufio-topo-udev:431 no device entries present in platform topology
 19-07-2025 17:46:08:202 [pid=1123 tid=1123] ERROR  0:140 unable to load,  liburcu-bp.so.6 

 19-07-2025 17:46:08:202 [pid=1123 tid=1123] ERROR  0:140 unable to load,  liburcu-bp.so.1 

 19-07-2025 17:46:08:203 [pid=1123 tid=1123] WARN   0:172 failed to open /proc/driver/nvidia-fs/devcount  error: No such file or directory
 19-07-2025 17:46:08:203 [pid=1123 tid=1123] NOTICE  cufio-drv:705 running in compatible mode
 19-07-2025 17:46:08:203 [pid=1123 tid=1123] ERROR  cufio-plat:101 cannot open path /sys/bus/pci/devices/0000:05:00.0/resource No such file or directory
 19-07-2025 17:46:08:203 [pid=1123 tid=1123] WARN   cufio-plat:429 GPU index 0 NVIDIA GeForce RTX 3090: Model Not Supported
 19-07-2025 17:46:08:203 [pid=1123 tid=1123] WARN   cufio-udev:165 failed in udev device create: /sys/bus/pci/devices/0000:05:00.0
 19-07-2025 17:46:08:365 [pid=1123 tid=1123] ERROR  cufio-topo-udev:431 no device entries present in platform topology
